[14-May-2021 18:35:48 Europe/Berlin] Xdebug: [Step Debug] Could not connect to debugging client. Tried: localhost:9000 (through xdebug.client_host/xdebug.client_port) :-(
[27-May-2021 09:30:44 Europe/Berlin] Xdebug: [Step Debug] Could not connect to debugging client. Tried: localhost:9000 (through xdebug.client_host/xdebug.client_port) :-(
[20-Jul-2021 16:28:10 Europe/Berlin] Xdebug: [Step Debug] Could not connect to debugging client. Tried: localhost:9000 (through xdebug.client_host/xdebug.client_port) :-(
[20-Jul-2021 16:28:20 Europe/Berlin] Xdebug: [Step Debug] Could not connect to debugging client. Tried: localhost:9000 (through xdebug.client_host/xdebug.client_port) :-(
[20-Jul-2021 16:28:34 Europe/Berlin] Xdebug: [Step Debug] Could not connect to debugging client. Tried: localhost:9000 (through xdebug.client_host/xdebug.client_port) :-(
[20-Jul-2021 16:28:44 Europe/Berlin] Xdebug: [Step Debug] Could not connect to debugging client. Tried: localhost:9000 (through xdebug.client_host/xdebug.client_port) :-(
[20-Jul-2021 16:37:06 Europe/Berlin] Xdebug: [Step Debug] Could not connect to debugging client. Tried: localhost:9000 (through xdebug.client_host/xdebug.client_port) :-(
[20-Jul-2021 16:37:57 Europe/Berlin] Xdebug: [Step Debug] Could not connect to debugging client. Tried: localhost:9000 (through xdebug.client_host/xdebug.client_port) :-(
[20-Jul-2021 16:38:33 Europe/Berlin] Xdebug: [Step Debug] Could not connect to debugging client. Tried: localhost:9000 (through xdebug.client_host/xdebug.client_port) :-(
[20-Jul-2021 16:39:12 Europe/Berlin] Xdebug: [Step Debug] Could not connect to debugging client. Tried: localhost:9000 (through xdebug.client_host/xdebug.client_port) :-(
[20-Jul-2021 16:40:20 Europe/Berlin] Xdebug: [Step Debug] Could not connect to debugging client. Tried: localhost:9000 (through xdebug.client_host/xdebug.client_port) :-(
[20-Jul-2021 16:41:49 Europe/Berlin] Xdebug: [Step Debug] Could not connect to debugging client. Tried: localhost:9000 (through xdebug.client_host/xdebug.client_port) :-(
[20-Jul-2021 16:45:09 Europe/Berlin] Xdebug: [Step Debug] Could not connect to debugging client. Tried: localhost:9000 (through xdebug.client_host/xdebug.client_port) :-(
[20-Jul-2021 16:45:51 Europe/Berlin] Xdebug: [Step Debug] Could not connect to debugging client. Tried: localhost:9000 (through xdebug.client_host/xdebug.client_port) :-(
[20-Jul-2021 16:46:17 Europe/Berlin] Xdebug: [Step Debug] Could not connect to debugging client. Tried: localhost:9000 (through xdebug.client_host/xdebug.client_port) :-(
[20-Jul-2021 16:47:17 Europe/Berlin] Xdebug: [Step Debug] Could not connect to debugging client. Tried: localhost:9000 (through xdebug.client_host/xdebug.client_port) :-(
[20-Jul-2021 16:47:34 Europe/Berlin] Xdebug: [Step Debug] Could not connect to debugging client. Tried: localhost:9000 (through xdebug.client_host/xdebug.client_port) :-(
[20-Jul-2021 16:54:17 Europe/Berlin] Xdebug: [Step Debug] Could not connect to debugging client. Tried: localhost:9000 (through xdebug.client_host/xdebug.client_port) :-(
[20-Jul-2021 16:59:58 Europe/Berlin] Xdebug: [Step Debug] Could not connect to debugging client. Tried: localhost:9000 (through xdebug.client_host/xdebug.client_port) :-(
[20-Jul-2021 17:00:19 Europe/Berlin] Xdebug: [Step Debug] Could not connect to debugging client. Tried: localhost:9000 (through xdebug.client_host/xdebug.client_port) :-(
[20-Jul-2021 17:00:37 Europe/Berlin] Xdebug: [Step Debug] Could not connect to debugging client. Tried: localhost:9000 (through xdebug.client_host/xdebug.client_port) :-(
[20-Jul-2021 17:03:30 Europe/Berlin] Xdebug: [Step Debug] Could not connect to debugging client. Tried: localhost:9000 (through xdebug.client_host/xdebug.client_port) :-(
[20-Jul-2021 17:23:12 Europe/Berlin] Xdebug: [Step Debug] Could not connect to debugging client. Tried: localhost:9000 (through xdebug.client_host/xdebug.client_port) :-(
[19-Aug-2021 09:27:39 Europe/Berlin] Xdebug: [Step Debug] Could not connect to debugging client. Tried: localhost:9000 (through xdebug.client_host/xdebug.client_port) :-(
[19-Aug-2021 09:27:48 Europe/Berlin] Xdebug: [Step Debug] Could not connect to debugging client. Tried: localhost:9000 (through xdebug.client_host/xdebug.client_port) :-(
[19-Aug-2021 09:27:56 Europe/Berlin] Xdebug: [Step Debug] Could not connect to debugging client. Tried: localhost:9000 (through xdebug.client_host/xdebug.client_port) :-(
[19-Aug-2021 09:28:06 Europe/Berlin] Xdebug: [Step Debug] Could not connect to debugging client. Tried: localhost:9000 (through xdebug.client_host/xdebug.client_port) :-(
[23-Aug-2021 17:04:02 Europe/Berlin] Xdebug: [Step Debug] Could not connect to debugging client. Tried: localhost:9000 (through xdebug.client_host/xdebug.client_port) :-(
[13-Oct-2021 13:24:12 Europe/Berlin] Xdebug: [Step Debug] Could not connect to debugging client. Tried: localhost:9000 (through xdebug.client_host/xdebug.client_port) :-(
[11-Apr-2022 11:49:14 Europe/Berlin] Xdebug: [Step Debug] Could not connect to debugging client. Tried: localhost:9000 (through xdebug.client_host/xdebug.client_port) :-(
[11-Apr-2022 11:49:43 Europe/Berlin] Xdebug: [Step Debug] Could not connect to debugging client. Tried: localhost:9000 (through xdebug.client_host/xdebug.client_port) :-(
[11-Apr-2022 11:50:07 Europe/Berlin] Xdebug: [Step Debug] Could not connect to debugging client. Tried: localhost:9000 (through xdebug.client_host/xdebug.client_port) :-(
[11-Apr-2022 09:50:16 UTC] Xdebug: [Step Debug] Could not connect to debugging client. Tried: localhost:9000 (through xdebug.client_host/xdebug.client_port) :-(
[11-Apr-2022 09:50:16 UTC] Xdebug: [Step Debug] Could not connect to debugging client. Tried: localhost:9000 (through xdebug.client_host/xdebug.client_port) :-(
[11-Apr-2022 09:50:16 UTC] Xdebug: [Step Debug] Could not connect to debugging client. Tried: localhost:9000 (through xdebug.client_host/xdebug.client_port) :-(
[11-Apr-2022 09:50:16 UTC] Xdebug: [Step Debug] Could not connect to debugging client. Tried: localhost:9000 (through xdebug.client_host/xdebug.client_port) :-(
[11-Apr-2022 09:50:16 UTC] Xdebug: [Step Debug] Could not connect to debugging client. Tried: localhost:9000 (through xdebug.client_host/xdebug.client_port) :-(
[11-Apr-2022 11:51:59 Europe/Berlin] Xdebug: [Step Debug] Could not connect to debugging client. Tried: localhost:9000 (through xdebug.client_host/xdebug.client_port) :-(
[11-Apr-2022 11:52:52 Europe/Berlin] Xdebug: [Step Debug] Could not connect to debugging client. Tried: localhost:9000 (through xdebug.client_host/xdebug.client_port) :-(
[11-Apr-2022 11:55:48 Europe/Berlin] Xdebug: [Step Debug] Could not connect to debugging client. Tried: localhost:9000 (through xdebug.client_host/xdebug.client_port) :-(
[11-Apr-2022 12:05:48 Europe/Berlin] Xdebug: [Step Debug] Could not connect to debugging client. Tried: localhost:9000 (through xdebug.client_host/xdebug.client_port) :-(
[11-Apr-2022 12:10:45 Europe/Berlin] Xdebug: [Step Debug] Could not connect to debugging client. Tried: localhost:9000 (through xdebug.client_host/xdebug.client_port) :-(
[11-Apr-2022 12:13:12 Europe/Berlin] Xdebug: [Step Debug] Could not connect to debugging client. Tried: localhost:9000 (through xdebug.client_host/xdebug.client_port) :-(
[11-Apr-2022 12:13:41 Europe/Berlin] Xdebug: [Step Debug] Could not connect to debugging client. Tried: localhost:9000 (through xdebug.client_host/xdebug.client_port) :-(
[11-Apr-2022 12:18:04 Europe/Berlin] Xdebug: [Step Debug] Could not connect to debugging client. Tried: localhost:9000 (through xdebug.client_host/xdebug.client_port) :-(
[11-Apr-2022 12:21:57 Europe/Berlin] Xdebug: [Step Debug] Could not connect to debugging client. Tried: localhost:9000 (through xdebug.client_host/xdebug.client_port) :-(
[11-Apr-2022 12:23:23 Europe/Berlin] Xdebug: [Step Debug] Could not connect to debugging client. Tried: localhost:9000 (through xdebug.client_host/xdebug.client_port) :-(
[11-Apr-2022 12:31:51 Europe/Berlin] Xdebug: [Step Debug] Could not connect to debugging client. Tried: localhost:9000 (through xdebug.client_host/xdebug.client_port) :-(
[11-Apr-2022 12:32:06 Europe/Berlin] Xdebug: [Step Debug] Could not connect to debugging client. Tried: localhost:9000 (through xdebug.client_host/xdebug.client_port) :-(
[11-Apr-2022 12:32:32 Europe/Berlin] Xdebug: [Step Debug] Could not connect to debugging client. Tried: localhost:9000 (through xdebug.client_host/xdebug.client_port) :-(
[11-Apr-2022 12:32:35 Europe/Berlin] Xdebug: [Step Debug] Could not connect to debugging client. Tried: localhost:9000 (through xdebug.client_host/xdebug.client_port) :-(
[22-Apr-2022 11:11:23 Europe/Berlin] Xdebug: [Step Debug] Could not connect to debugging client. Tried: localhost:9000 (through xdebug.client_host/xdebug.client_port) :-(
[22-Apr-2022 13:19:17 Europe/Berlin] Xdebug: [Step Debug] Could not connect to debugging client. Tried: localhost:9000 (through xdebug.client_host/xdebug.client_port) :-(
[25-Apr-2022 09:30:56 Europe/Berlin] Xdebug: [Step Debug] Could not connect to debugging client. Tried: localhost:9000 (through xdebug.client_host/xdebug.client_port) :-(
[25-Apr-2022 09:33:05 Europe/Berlin] Xdebug: [Step Debug] Could not connect to debugging client. Tried: localhost:9000 (through xdebug.client_host/xdebug.client_port) :-(
[25-Apr-2022 09:34:03 Europe/Berlin] Xdebug: [Step Debug] Could not connect to debugging client. Tried: localhost:9000 (through xdebug.client_host/xdebug.client_port) :-(
[25-Apr-2022 09:34:20 Europe/Berlin] Xdebug: [Step Debug] Could not connect to debugging client. Tried: localhost:9000 (through xdebug.client_host/xdebug.client_port) :-(
[25-Apr-2022 09:41:24 Europe/Berlin] Xdebug: [Step Debug] Could not connect to debugging client. Tried: localhost:9000 (through xdebug.client_host/xdebug.client_port) :-(
[25-Apr-2022 09:47:20 Europe/Berlin] Xdebug: [Step Debug] Could not connect to debugging client. Tried: localhost:9000 (through xdebug.client_host/xdebug.client_port) :-(
[25-Apr-2022 09:47:37 Europe/Berlin] Xdebug: [Step Debug] Could not connect to debugging client. Tried: localhost:9000 (through xdebug.client_host/xdebug.client_port) :-(
[25-Apr-2022 09:47:51 Europe/Berlin] Xdebug: [Step Debug] Could not connect to debugging client. Tried: localhost:9000 (through xdebug.client_host/xdebug.client_port) :-(
[25-Apr-2022 09:48:17 Europe/Berlin] Xdebug: [Step Debug] Could not connect to debugging client. Tried: localhost:9000 (through xdebug.client_host/xdebug.client_port) :-(
[25-Apr-2022 12:13:32 Europe/Berlin] Xdebug: [Step Debug] Could not connect to debugging client. Tried: localhost:9000 (through xdebug.client_host/xdebug.client_port) :-(
[10-May-2022 11:03:09 Europe/Berlin] Xdebug: [Step Debug] Could not connect to debugging client. Tried: localhost:9000 (through xdebug.client_host/xdebug.client_port) :-(
[10-May-2022 11:04:10 Europe/Berlin] Xdebug: [Step Debug] Could not connect to debugging client. Tried: localhost:9000 (through xdebug.client_host/xdebug.client_port) :-(
[10-May-2022 11:04:33 Europe/Berlin] Xdebug: [Step Debug] Could not connect to debugging client. Tried: localhost:9000 (through xdebug.client_host/xdebug.client_port) :-(
[10-May-2022 11:06:34 Europe/Berlin] Xdebug: [Step Debug] Could not connect to debugging client. Tried: localhost:9000 (through xdebug.client_host/xdebug.client_port) :-(
[10-May-2022 11:06:49 Europe/Berlin] Xdebug: [Step Debug] Could not connect to debugging client. Tried: localhost:9000 (through xdebug.client_host/xdebug.client_port) :-(
[10-May-2022 11:07:25 Europe/Berlin] Xdebug: [Step Debug] Could not connect to debugging client. Tried: localhost:9000 (through xdebug.client_host/xdebug.client_port) :-(
[16-May-2022 17:43:41 Europe/Berlin] Xdebug: [Step Debug] Could not connect to debugging client. Tried: localhost:9000 (through xdebug.client_host/xdebug.client_port) :-(
[16-May-2022 17:44:14 Europe/Berlin] Xdebug: [Step Debug] Could not connect to debugging client. Tried: localhost:9000 (through xdebug.client_host/xdebug.client_port) :-(
[16-May-2022 17:44:39 Europe/Berlin] Xdebug: [Step Debug] Could not connect to debugging client. Tried: localhost:9000 (through xdebug.client_host/xdebug.client_port) :-(
[01-Jun-2022 16:16:46 Europe/Berlin] Xdebug: [Step Debug] Could not connect to debugging client. Tried: localhost:9000 (through xdebug.client_host/xdebug.client_port) :-(
[09-Jun-2022 09:42:52 Europe/Berlin] Xdebug: [Step Debug] Could not connect to debugging client. Tried: localhost:9000 (through xdebug.client_host/xdebug.client_port) :-(
[09-Jun-2022 09:43:03 Europe/Berlin] Xdebug: [Step Debug] Could not connect to debugging client. Tried: localhost:9000 (through xdebug.client_host/xdebug.client_port) :-(
[23-Jun-2022 08:11:08 Europe/Berlin] Xdebug: [Step Debug] Could not connect to debugging client. Tried: localhost:9000 (through xdebug.client_host/xdebug.client_port) :-(
[23-Jun-2022 08:11:15 Europe/Berlin] Xdebug: [Step Debug] Could not connect to debugging client. Tried: localhost:9000 (through xdebug.client_host/xdebug.client_port) :-(
[23-Jun-2022 08:11:30 Europe/Berlin] Xdebug: [Step Debug] Could not connect to debugging client. Tried: localhost:9000 (through xdebug.client_host/xdebug.client_port) :-(
[23-Jun-2022 08:12:07 Europe/Berlin] Xdebug: [Step Debug] Could not connect to debugging client. Tried: localhost:9000 (through xdebug.client_host/xdebug.client_port) :-(
[23-Jun-2022 08:13:11 Europe/Berlin] Xdebug: [Step Debug] Could not connect to debugging client. Tried: localhost:9000 (through xdebug.client_host/xdebug.client_port) :-(
[23-Jun-2022 08:13:17 Europe/Berlin] Xdebug: [Step Debug] Could not connect to debugging client. Tried: localhost:9000 (through xdebug.client_host/xdebug.client_port) :-(
[07-Oct-2022 09:50:02 Europe/Berlin] Xdebug: [Step Debug] Could not connect to debugging client. Tried: localhost:9000 (through xdebug.client_host/xdebug.client_port) :-(
[07-Oct-2022 09:50:54 Europe/Berlin] Xdebug: [Step Debug] Could not connect to debugging client. Tried: localhost:9000 (through xdebug.client_host/xdebug.client_port) :-(
[07-Oct-2022 10:26:55 Europe/Berlin] Xdebug: [Step Debug] Could not connect to debugging client. Tried: localhost:9000 (through xdebug.client_host/xdebug.client_port) :-(
[07-Oct-2022 10:37:04 Europe/Berlin] Xdebug: [Step Debug] Could not connect to debugging client. Tried: localhost:9000 (through xdebug.client_host/xdebug.client_port) :-(
[07-Oct-2022 10:38:17 Europe/Berlin] Xdebug: [Step Debug] Could not connect to debugging client. Tried: localhost:9000 (through xdebug.client_host/xdebug.client_port) :-(
[07-Oct-2022 10:40:29 Europe/Berlin] Xdebug: [Step Debug] Could not connect to debugging client. Tried: localhost:9000 (through xdebug.client_host/xdebug.client_port) :-(
[07-Oct-2022 10:40:35 Europe/Berlin] Xdebug: [Step Debug] Could not connect to debugging client. Tried: localhost:9000 (through xdebug.client_host/xdebug.client_port) :-(
[07-Oct-2022 10:45:26 Europe/Berlin] Xdebug: [Step Debug] Could not connect to debugging client. Tried: localhost:9000 (through xdebug.client_host/xdebug.client_port) :-(
[07-Oct-2022 10:51:14 Europe/Berlin] Xdebug: [Step Debug] Could not connect to debugging client. Tried: localhost:9000 (through xdebug.client_host/xdebug.client_port) :-(
[07-Oct-2022 11:05:34 Europe/Berlin] Xdebug: [Step Debug] Could not connect to debugging client. Tried: localhost:9000 (through xdebug.client_host/xdebug.client_port) :-(
[07-Oct-2022 11:05:39 Europe/Berlin] Xdebug: [Step Debug] Could not connect to debugging client. Tried: localhost:9000 (through xdebug.client_host/xdebug.client_port) :-(
[07-Oct-2022 11:05:44 Europe/Berlin] Xdebug: [Step Debug] Could not connect to debugging client. Tried: localhost:9000 (through xdebug.client_host/xdebug.client_port) :-(
[07-Oct-2022 11:05:49 Europe/Berlin] Xdebug: [Step Debug] Could not connect to debugging client. Tried: localhost:9000 (through xdebug.client_host/xdebug.client_port) :-(
[07-Oct-2022 11:05:53 Europe/Berlin] Xdebug: [Step Debug] Could not connect to debugging client. Tried: localhost:9000 (through xdebug.client_host/xdebug.client_port) :-(
[07-Oct-2022 11:05:53 Europe/Berlin] Xdebug: [Step Debug] Could not connect to debugging client. Tried: localhost:9000 (through xdebug.client_host/xdebug.client_port) :-(
[07-Oct-2022 11:09:37 Europe/Berlin] Xdebug: [Step Debug] Could not connect to debugging client. Tried: localhost:9000 (through xdebug.client_host/xdebug.client_port) :-(
[07-Oct-2022 11:09:44 Europe/Berlin] Xdebug: [Step Debug] Could not connect to debugging client. Tried: localhost:9000 (through xdebug.client_host/xdebug.client_port) :-(
[07-Oct-2022 11:21:03 Europe/Berlin] Xdebug: [Step Debug] Could not connect to debugging client. Tried: localhost:9000 (through xdebug.client_host/xdebug.client_port) :-(
[07-Oct-2022 11:21:14 Europe/Berlin] Xdebug: [Step Debug] Could not connect to debugging client. Tried: localhost:9000 (through xdebug.client_host/xdebug.client_port) :-(
[07-Oct-2022 11:21:26 Europe/Berlin] Xdebug: [Step Debug] Could not connect to debugging client. Tried: localhost:9000 (through xdebug.client_host/xdebug.client_port) :-(
[07-Oct-2022 11:21:35 Europe/Berlin] Xdebug: [Step Debug] Could not connect to debugging client. Tried: localhost:9000 (through xdebug.client_host/xdebug.client_port) :-(
[07-Oct-2022 11:21:52 Europe/Berlin] Xdebug: [Step Debug] Could not connect to debugging client. Tried: localhost:9000 (through xdebug.client_host/xdebug.client_port) :-(
[07-Oct-2022 11:34:00 Europe/Berlin] Xdebug: [Step Debug] Could not connect to debugging client. Tried: localhost:9000 (through xdebug.client_host/xdebug.client_port) :-(
[07-Oct-2022 11:52:07 Europe/Berlin] Xdebug: [Step Debug] Could not connect to debugging client. Tried: localhost:9000 (through xdebug.client_host/xdebug.client_port) :-(
[07-Oct-2022 11:52:10 Europe/Berlin] Xdebug: [Step Debug] Could not connect to debugging client. Tried: localhost:9000 (through xdebug.client_host/xdebug.client_port) :-(
[07-Oct-2022 11:52:14 Europe/Berlin] Xdebug: [Step Debug] Could not connect to debugging client. Tried: localhost:9000 (through xdebug.client_host/xdebug.client_port) :-(
[07-Oct-2022 11:52:18 Europe/Berlin] Xdebug: [Step Debug] Could not connect to debugging client. Tried: localhost:9000 (through xdebug.client_host/xdebug.client_port) :-(
[07-Oct-2022 11:52:22 Europe/Berlin] Xdebug: [Step Debug] Could not connect to debugging client. Tried: localhost:9000 (through xdebug.client_host/xdebug.client_port) :-(
[07-Oct-2022 11:52:22 Europe/Berlin] Xdebug: [Step Debug] Could not connect to debugging client. Tried: localhost:9000 (through xdebug.client_host/xdebug.client_port) :-(
[07-Oct-2022 11:55:25 Europe/Berlin] Xdebug: [Step Debug] Could not connect to debugging client. Tried: localhost:9000 (through xdebug.client_host/xdebug.client_port) :-(
[07-Oct-2022 11:55:29 Europe/Berlin] Xdebug: [Step Debug] Could not connect to debugging client. Tried: localhost:9000 (through xdebug.client_host/xdebug.client_port) :-(
[07-Oct-2022 11:56:27 Europe/Berlin] Xdebug: [Step Debug] Could not connect to debugging client. Tried: localhost:9000 (through xdebug.client_host/xdebug.client_port) :-(
[07-Oct-2022 11:56:32 Europe/Berlin] Xdebug: [Step Debug] Could not connect to debugging client. Tried: localhost:9000 (through xdebug.client_host/xdebug.client_port) :-(
[07-Oct-2022 11:56:35 Europe/Berlin] Xdebug: [Step Debug] Could not connect to debugging client. Tried: localhost:9000 (through xdebug.client_host/xdebug.client_port) :-(
[07-Oct-2022 11:56:39 Europe/Berlin] Xdebug: [Step Debug] Could not connect to debugging client. Tried: localhost:9000 (through xdebug.client_host/xdebug.client_port) :-(
[07-Oct-2022 11:56:43 Europe/Berlin] Xdebug: [Step Debug] Could not connect to debugging client. Tried: localhost:9000 (through xdebug.client_host/xdebug.client_port) :-(
[07-Oct-2022 11:56:44 Europe/Berlin] Xdebug: [Step Debug] Could not connect to debugging client. Tried: localhost:9000 (through xdebug.client_host/xdebug.client_port) :-(
[07-Oct-2022 11:58:36 Europe/Berlin] Xdebug: [Step Debug] Could not connect to debugging client. Tried: localhost:9000 (through xdebug.client_host/xdebug.client_port) :-(
[07-Oct-2022 11:58:40 Europe/Berlin] Xdebug: [Step Debug] Could not connect to debugging client. Tried: localhost:9000 (through xdebug.client_host/xdebug.client_port) :-(
[07-Oct-2022 11:58:44 Europe/Berlin] Xdebug: [Step Debug] Could not connect to debugging client. Tried: localhost:9000 (through xdebug.client_host/xdebug.client_port) :-(
[07-Oct-2022 11:58:48 Europe/Berlin] Xdebug: [Step Debug] Could not connect to debugging client. Tried: localhost:9000 (through xdebug.client_host/xdebug.client_port) :-(
[07-Oct-2022 11:58:52 Europe/Berlin] Xdebug: [Step Debug] Could not connect to debugging client. Tried: localhost:9000 (through xdebug.client_host/xdebug.client_port) :-(
[07-Oct-2022 11:58:52 Europe/Berlin] Xdebug: [Step Debug] Could not connect to debugging client. Tried: localhost:9000 (through xdebug.client_host/xdebug.client_port) :-(
[07-Oct-2022 12:02:31 Europe/Berlin] Xdebug: [Step Debug] Could not connect to debugging client. Tried: localhost:9000 (through xdebug.client_host/xdebug.client_port) :-(
[07-Oct-2022 12:02:41 Europe/Berlin] Xdebug: [Step Debug] Could not connect to debugging client. Tried: localhost:9000 (through xdebug.client_host/xdebug.client_port) :-(
[07-Oct-2022 12:02:53 Europe/Berlin] Xdebug: [Step Debug] Could not connect to debugging client. Tried: localhost:9000 (through xdebug.client_host/xdebug.client_port) :-(
[07-Oct-2022 12:03:06 Europe/Berlin] Xdebug: [Step Debug] Could not connect to debugging client. Tried: localhost:9000 (through xdebug.client_host/xdebug.client_port) :-(
[07-Oct-2022 12:03:20 Europe/Berlin] Xdebug: [Step Debug] Could not connect to debugging client. Tried: localhost:9000 (through xdebug.client_host/xdebug.client_port) :-(
[07-Oct-2022 12:03:30 Europe/Berlin] Xdebug: [Step Debug] Could not connect to debugging client. Tried: localhost:9000 (through xdebug.client_host/xdebug.client_port) :-(
[07-Oct-2022 12:03:42 Europe/Berlin] Xdebug: [Step Debug] Could not connect to debugging client. Tried: localhost:9000 (through xdebug.client_host/xdebug.client_port) :-(
[07-Oct-2022 12:03:53 Europe/Berlin] Xdebug: [Step Debug] Could not connect to debugging client. Tried: localhost:9000 (through xdebug.client_host/xdebug.client_port) :-(
[07-Oct-2022 12:04:03 Europe/Berlin] Xdebug: [Step Debug] Could not connect to debugging client. Tried: localhost:9000 (through xdebug.client_host/xdebug.client_port) :-(
[07-Oct-2022 12:04:10 Europe/Berlin] Xdebug: [Step Debug] Could not connect to debugging client. Tried: localhost:9000 (through xdebug.client_host/xdebug.client_port) :-(
[07-Oct-2022 12:04:18 Europe/Berlin] Xdebug: [Step Debug] Could not connect to debugging client. Tried: localhost:9000 (through xdebug.client_host/xdebug.client_port) :-(
[07-Oct-2022 12:07:24 Europe/Berlin] Xdebug: [Step Debug] Could not connect to debugging client. Tried: localhost:9000 (through xdebug.client_host/xdebug.client_port) :-(
[07-Oct-2022 12:09:19 Europe/Berlin] Xdebug: [Step Debug] Could not connect to debugging client. Tried: localhost:9000 (through xdebug.client_host/xdebug.client_port) :-(
[07-Oct-2022 12:17:16 Europe/Berlin] Xdebug: [Step Debug] Could not connect to debugging client. Tried: localhost:9000 (through xdebug.client_host/xdebug.client_port) :-(
[07-Oct-2022 21:33:58 Europe/Berlin] Xdebug: [Step Debug] Could not connect to debugging client. Tried: localhost:9000 (through xdebug.client_host/xdebug.client_port) :-(
[08-Oct-2022 11:28:50 Europe/Berlin] Xdebug: [Step Debug] Could not connect to debugging client. Tried: localhost:9000 (through xdebug.client_host/xdebug.client_port) :-(
[08-Oct-2022 11:44:00 Europe/Berlin] Xdebug: [Step Debug] Could not connect to debugging client. Tried: localhost:9000 (through xdebug.client_host/xdebug.client_port) :-(
[08-Oct-2022 11:44:38 Europe/Berlin] Xdebug: [Step Debug] Could not connect to debugging client. Tried: localhost:9000 (through xdebug.client_host/xdebug.client_port) :-(
[08-Oct-2022 11:45:15 Europe/Berlin] Xdebug: [Step Debug] Could not connect to debugging client. Tried: localhost:9000 (through xdebug.client_host/xdebug.client_port) :-(
[08-Oct-2022 11:45:42 Europe/Berlin] Xdebug: [Step Debug] Could not connect to debugging client. Tried: localhost:9000 (through xdebug.client_host/xdebug.client_port) :-(
[08-Oct-2022 11:46:33 Europe/Berlin] Xdebug: [Step Debug] Could not connect to debugging client. Tried: localhost:9000 (through xdebug.client_host/xdebug.client_port) :-(
[08-Oct-2022 11:46:54 Europe/Berlin] Xdebug: [Step Debug] Could not connect to debugging client. Tried: localhost:9000 (through xdebug.client_host/xdebug.client_port) :-(
[08-Oct-2022 11:48:58 Europe/Berlin] Xdebug: [Step Debug] Could not connect to debugging client. Tried: localhost:9000 (through xdebug.client_host/xdebug.client_port) :-(
[08-Oct-2022 11:54:37 Europe/Berlin] Xdebug: [Step Debug] Could not connect to debugging client. Tried: localhost:9000 (through xdebug.client_host/xdebug.client_port) :-(
[08-Oct-2022 11:58:11 Europe/Berlin] Xdebug: [Step Debug] Could not connect to debugging client. Tried: localhost:9000 (through xdebug.client_host/xdebug.client_port) :-(
[08-Oct-2022 11:59:11 Europe/Berlin] Xdebug: [Step Debug] Could not connect to debugging client. Tried: localhost:9000 (through xdebug.client_host/xdebug.client_port) :-(
[08-Oct-2022 22:15:41 Europe/Berlin] Xdebug: [Step Debug] Could not connect to debugging client. Tried: localhost:9000 (through xdebug.client_host/xdebug.client_port) :-(
[11-Oct-2022 10:22:13 Europe/Berlin] Xdebug: [Step Debug] Could not connect to debugging client. Tried: localhost:9000 (through xdebug.client_host/xdebug.client_port) :-(
